<?xml version="1.0" encoding="UTF-8"?>
<testng-results ignored="0" total="1" passed="1" failed="0" skipped="0">
  <reporter-output>
  </reporter-output>
  <suite started-at="2024-04-04T20:25:51 CEST" name="Command line suite" finished-at="2024-04-04T20:25:53 CEST" duration-ms="1765">
    <groups>
    </groups>
    <test started-at="2024-04-04T20:25:51 CEST" name="Command line test" finished-at="2024-04-04T20:25:53 CEST" duration-ms="1765">
      <class name="shit.Test">
        <test-method signature="Test()[pri:0, instance:shit.Test@74ad1f1f]" started-at="2024-04-04T20:25:51 CEST" name="Test" finished-at="2024-04-04T20:25:53 CEST" duration-ms="1750" status="PASS">
          <reporter-output>
          </reporter-output>
        </test-method> <!-- Test -->
      </class> <!-- shit.Test -->
    </test> <!-- Command line test -->
  </suite> <!-- Command line suite -->
</testng-results>
